<?xml version="1.0" encoding="UTF-8"?>
<testsuite name="ohtuesimerkki.StatisticsTest" tests="4" skipped="0" failures="0" errors="0" timestamp="2017-03-26T19:29:52" hostname="joku-tietokone-kai" time="0.004">
  <properties/>
  <testcase name="PlayerSearchToimiiJosPelaajaaEiOle" classname="ohtuesimerkki.StatisticsTest" time="0.002"/>
  <testcase name="topScorersToimii" classname="ohtuesimerkki.StatisticsTest" time="0.0"/>
  <testcase name="PlayerSearchToimii" classname="ohtuesimerkki.StatisticsTest" time="0.001"/>
  <testcase name="teamSearchToimii" classname="ohtuesimerkki.StatisticsTest" time="0.0"/>
  <system-out><![CDATA[]]></system-out>
  <system-err><![CDATA[]]></system-err>
</testsuite>
