<?xml version="1.0" encoding="UTF-8"?>
<testsuite name="ohtu.ohtuesimerkki.StatisticsTest" tests="1" skipped="0" failures="0" errors="0" timestamp="2017-03-26T19:07:27" hostname="joku-tietokone-kai" time="0.001">
  <properties/>
  <testcase name="testitoimii" classname="ohtu.ohtuesimerkki.StatisticsTest" time="0.001"/>
  <system-out><![CDATA[]]></system-out>
  <system-err><![CDATA[]]></system-err>
</testsuite>
